This file contains any messages produced by compilers while
running configure, to aid debugging if configure makes a mistake.

It was created by configure, which was
generated by GNU Autoconf 2.67.  Invocation command line was

  $ ./configure --prefix=/usr

## --------- ##
## Platform. ##
## --------- ##

hostname = debian
uname -m = x86_64
uname -r = 2.6.32-5-amd64
uname -s = Linux
uname -v = #1 SMP Wed Jan 12 05:14:59 UTC 2011

/usr/bin/uname -p = unknown
/bin/uname -X     = unknown

/bin/arch              = unknown
/usr/bin/arch -k       = unknown
/usr/convex/getsysinfo = unknown
/usr/bin/hostinfo      = unknown
/bin/machine           = unknown
/usr/bin/oslevel       = unknown
/bin/universe          = unknown

PATH: /usr/local/sbin
PATH: /usr/local/bin
PATH: /usr/sbin
PATH: /usr/bin
PATH: /sbin
PATH: /bin


## ----------- ##
## Core tests. ##
## ----------- ##

configure:1747: checking for a BSD-compatible install
configure:1815: result: /usr/bin/install -c
configure:1826: checking whether build environment is sane
configure:1876: result: yes
configure:2017: checking for a thread-safe mkdir -p
configure:2056: result: /bin/mkdir -p
configure:2069: checking for gawk
configure:2099: result: no
configure:2069: checking for mawk
configure:2085: found /usr/bin/mawk
configure:2096: result: mawk
configure:2107: checking whether make sets $(MAKE)
configure:2129: result: yes
configure:2211: checking whether to enable maintainer-specific portions of Makefiles
configure:2220: result: no
configure:2245: checking for python
configure:2263: found /usr/bin/python
configure:2275: result: /usr/bin/python
configure:2296: checking for python version
configure:2303: result: 2.6
configure:2315: checking for python platform
configure:2322: result: linux2
configure:2329: checking for python script directory
configure:2358: result: ${prefix}/lib/python2.6/dist-packages
configure:2367: checking for python extension module directory
configure:2396: result: ${exec_prefix}/lib/python2.6/dist-packages
configure:2463: checking for pkg-config
configure:2481: found /usr/bin/pkg-config
configure:2493: result: /usr/bin/pkg-config
configure:2518: checking pkg-config is at least version 0.9.0
configure:2521: result: yes
configure:2680: creating ./config.status

## ---------------------- ##
## Running config.status. ##
## ---------------------- ##

This file was extended by config.status, which was
generated by GNU Autoconf 2.67.  Invocation command line was

  CONFIG_FILES    = 
  CONFIG_HEADERS  = 
  CONFIG_LINKS    = 
  CONFIG_COMMANDS = 
  $ ./config.status 

on debian

config.status:765: creating Makefile
config.status:765: creating src/Makefile
config.status:765: creating images/Makefile
config.status:765: creating servers/Makefile

## ---------------- ##
## Cache variables. ##
## ---------------- ##

ac_cv_env_PKG_CONFIG_LIBDIR_set=
ac_cv_env_PKG_CONFIG_LIBDIR_value=
ac_cv_env_PKG_CONFIG_PATH_set=
ac_cv_env_PKG_CONFIG_PATH_value=
ac_cv_env_PKG_CONFIG_set=
ac_cv_env_PKG_CONFIG_value=
ac_cv_env_build_alias_set=
ac_cv_env_build_alias_value=
ac_cv_env_host_alias_set=
ac_cv_env_host_alias_value=
ac_cv_env_target_alias_set=
ac_cv_env_target_alias_value=
ac_cv_path_PYTHON=/usr/bin/python
ac_cv_path_ac_pt_PKG_CONFIG=/usr/bin/pkg-config
ac_cv_path_install='/usr/bin/install -c'
ac_cv_path_mkdir=/bin/mkdir
ac_cv_prog_AWK=mawk
ac_cv_prog_make_make_set=yes
am_cv_python_platform=linux2
am_cv_python_pyexecdir='${exec_prefix}/lib/python2.6/dist-packages'
am_cv_python_pythondir='${prefix}/lib/python2.6/dist-packages'
am_cv_python_version=2.6

## ----------------- ##
## Output variables. ##
## ----------------- ##

ACLOCAL='${SHELL} /home/setar/linuxfm-0.1a/missing --run aclocal-1.11'
AMTAR='${SHELL} /home/setar/linuxfm-0.1a/missing --run tar'
AUTOCONF='${SHELL} /home/setar/linuxfm-0.1a/missing --run autoconf'
AUTOHEADER='${SHELL} /home/setar/linuxfm-0.1a/missing --run autoheader'
AUTOMAKE='${SHELL} /home/setar/linuxfm-0.1a/missing --run automake-1.11'
AWK='mawk'
CYGPATH_W='echo'
DEFS='-DPACKAGE_NAME=\"\" -DPACKAGE_TARNAME=\"\" -DPACKAGE_VERSION=\"\" -DPACKAGE_STRING=\"\" -DPACKAGE_BUGREPORT=\"\" -DPACKAGE_URL=\"\" -DPACKAGE=\"linuxfm\" -DVERSION=\"0.4-2\"'
ECHO_C=''
ECHO_N='-n'
ECHO_T=''
INSTALL_DATA='${INSTALL} -m 644'
INSTALL_PROGRAM='${INSTALL}'
INSTALL_SCRIPT='${INSTALL}'
INSTALL_STRIP_PROGRAM='$(install_sh) -c -s'
LIBOBJS=''
LIBS=''
LTLIBOBJS=''
MAINT='#'
MAINTAINER_MODE_FALSE=''
MAINTAINER_MODE_TRUE='#'
MAKEINFO='${SHELL} /home/setar/linuxfm-0.1a/missing --run makeinfo'
MKDIR_P='/bin/mkdir -p'
PACKAGE='linuxfm'
PACKAGE_BUGREPORT=''
PACKAGE_NAME=''
PACKAGE_STRING=''
PACKAGE_TARNAME=''
PACKAGE_URL=''
PACKAGE_VERSION=''
PATH_SEPARATOR=':'
PKG_CONFIG='/usr/bin/pkg-config'
PKG_CONFIG_LIBDIR=''
PKG_CONFIG_PATH=''
PYTHON='/usr/bin/python'
PYTHON_EXEC_PREFIX='${exec_prefix}'
PYTHON_PLATFORM='linux2'
PYTHON_PREFIX='${prefix}'
PYTHON_VERSION='2.6'
SET_MAKE=''
SHELL='/bin/bash'
STRIP=''
VERSION='0.4-2'
am__isrc=''
am__leading_dot='.'
am__tar='${AMTAR} chof - "$$tardir"'
am__untar='${AMTAR} xf -'
bindir='${exec_prefix}/bin'
build_alias=''
datadir='${datarootdir}'
datarootdir='${prefix}/share'
docdir='${datarootdir}/doc/${PACKAGE}'
dvidir='${docdir}'
exec_prefix='${prefix}'
host_alias=''
htmldir='${docdir}'
includedir='${prefix}/include'
infodir='${datarootdir}/info'
install_sh='${SHELL} /home/setar/linuxfm-0.1a/install-sh'
libdir='${exec_prefix}/lib'
libexecdir='${exec_prefix}/libexec'
localedir='${datarootdir}/locale'
localstatedir='${prefix}/var'
mandir='${datarootdir}/man'
mkdir_p='/bin/mkdir -p'
oldincludedir='/usr/include'
pdfdir='${docdir}'
pkgpyexecdir='${pyexecdir}/linuxfm'
pkgpythondir='${pythondir}/linuxfm'
prefix='/usr'
program_transform_name='s,x,x,'
psdir='${docdir}'
pyexecdir='${exec_prefix}/lib/python2.6/dist-packages'
pythondir='${prefix}/lib/python2.6/dist-packages'
sbindir='${exec_prefix}/sbin'
sharedstatedir='${prefix}/com'
sysconfdir='${prefix}/etc'
target_alias=''

## ----------- ##
## confdefs.h. ##
## ----------- ##

/* confdefs.h */
#define PACKAGE_NAME ""
#define PACKAGE_TARNAME ""
#define PACKAGE_VERSION ""
#define PACKAGE_STRING ""
#define PACKAGE_BUGREPORT ""
#define PACKAGE_URL ""
#define PACKAGE "linuxfm"
#define VERSION "0.4-2"

configure: exit 0
